1730810553015	geckodriver	INFO	Listening on 127.0.0.1:54064
1730810556117	mozrunner::runner	INFO	Running command: "C:\\Program Files\\Mozilla Firefox\\firefox.exe" "--marionette" "-no-remote" "-profile" "C:\\Users\\giuli\\AppData\\Local\\Temp\\rust_mozprofileQSTdJt"
console.warn: services.settings: Ignoring preference override of remote settings server
console.warn: services.settings: Allow by setting MOZ_REMOTE_SETTINGS_DEVTOOLS=1 in the environment
1730810556567	Marionette	INFO	Marionette enabled
Dynamically enable window occlusion 0
1730810556884	Marionette	INFO	Listening on port 54077
Read port: 54077
1730810557020	RemoteAgent	WARN	TLS certificate errors will be ignored for this session
1730810560080	Marionette	WARN	Ignoring event 'DOMContentLoaded' because document has an invalid readyState of 'complete'.
console.warn: LoginRecipes: "Falling back to a synchronous message for: https://intelliauto-dev-ed.develop.my.salesforce.com."
console.warn: LoginRecipes: "Falling back to a synchronous message for: https://intelliauto-dev-ed.develop.my.salesforce.com."
console.error: (new TypeError("currentNode is null", "resource://devtools/client/inspector/shared/style-change-tracker.js", 66))
TypeError: currentNode is null: canMutationImpactCurrentStyles@resource://devtools/client/inspector/shared/style-change-tracker.js:66:20
onMutations@resource://devtools/client/inspector/shared/style-change-tracker.js:84:41
_emit@resource://devtools/shared/event-emitter.js:242:32
emit@resource://devtools/shared/event-emitter.js:186:18
emit@resource://devtools/shared/event-emitter.js:330:18
getMutations@resource://devtools/client/fronts/walker.js:317:10

console.warn: "Listener for event 'frame' did not return a promise."
console.warn: "Listener for event 'frame' did not return a promise."
console.error: "Unable to find target with innerWindowId:12884901901"
console.error: "Unable to find target with innerWindowId:12884901901"
console.error: "Unable to find target with innerWindowId:12884901901"
console.warn: WindowsJumpLists: "Failed to fetch favicon for " "https://intelliauto-dev-ed.develop.file.force.com/secur/contentDoor?startURL=https%3A%2F%2Fintelliauto-dev-ed.develop.my.salesforce.com%2F_ui%2Fidentity%2Fphone%2FAddPhoneNumber%3FretURL%3D%252Fvisualforce%252Fsession%253Furl%253Dhttps%25253A%25252F%25252Fintelliauto-dev-ed.develop.lightning.force.com%25252Flightning%25252Fo%25252FCase%25252Flist%25253FfilterName%25253D00Baj00000IIjAuEAL%26d%3Dm%26display%3Dpage%26flotp%3D11bde18e-f0b1-40c6-bf2d-be9e58adf1c594034645-9ce2-4c81-8d4b-8857b871514c&sid=00Daj00000EFI1N%21AQEAQAWSsQXwRMLM_k5QAt0gLnHXlvbll5bzBYte72klomYc9EjUyGCwiTBW6iDo_UECUi_sfp7B9zIGekebYAfFRaS6ufPB&skipRedirect=1&lm=eyJlbmMiOiJBMjU2R0NNIiwiYXVkIjoiMDBEYWowMDAwMEVGSTFOIiwia2lkIjoie1widFwiOlwiMDBEYWowMDAwMEVGSTFOXCIsXCJ2XCI6XCIwMkdhajAwMDAwMjVNSTVcIixcImFcIjpcImNvbnRlbnRkb29ydXNlcnRyYW5zaWVudGtleWVuY3J5cHRcIixcInVcIjpcIjAwNWFqMDAwMDA4bmZnWFwifSIsImNyaXQiOlsiaWF0Il0sImlhdCI6MTczMDgxMTAzNjU4MCwiZXhwIjowfQ%3D%3D..BE3-BUs0OAWoFSZp.Isl8BTlfpELuY5cGPXyNPA%3D%3D.S9wDJ9eYM3DNqhzIUjh7LQ%3D%3D" ({})
NetworkHelper.parseSecurityInfo threw an exception: Security state 0 has no known STATE_IS_* flags.
console.error: "Security state 0 has no known STATE_IS_* flags."
1730811039031	Marionette	WARN	Ignoring event 'DOMContentLoaded' because document has an invalid readyState of 'complete'.
console.error: "Unable to find target with innerWindowId:17179869185"
console.error: "Unable to find target with innerWindowId:17179869185"
console.error: "Unable to find target with innerWindowId:17179869185"
console.error: "Unable to find target with innerWindowId:17179869185"
JavaScript error: resource://devtools/server/connectors/js-process-actor/target-watchers/window-global.sys.mjs, line 442: TypeError: subject.defaultView is null
console.warn: WindowsJumpLists: "Failed to fetch favicon for " "https://intelliauto-dev-ed.develop.file.force.com/secur/contentDoor?startURL=https%3A%2F%2Fintelliauto-dev-ed.develop.my.salesforce.com%2F_ui%2Fidentity%2Fphone%2FAddPhoneNumber%3FretURL%3D%252Fvisualforce%252Fsession%253Furl%253Dhttps%25253A%25252F%25252Fintelliauto-dev-ed.develop.lightning.force.com%25252Flightning%25252Fo%25252FCase%25252Flist%25253FfilterName%25253D00Baj00000IIjAuEAL%26d%3Dm%26display%3Dpage%26flotp%3D11bde18e-f0b1-40c6-bf2d-be9e58adf1c594034645-9ce2-4c81-8d4b-8857b871514c&sid=00Daj00000EFI1N%21AQEAQAWSsQXwRMLM_k5QAt0gLnHXlvbll5bzBYte72klomYc9EjUyGCwiTBW6iDo_UECUi_sfp7B9zIGekebYAfFRaS6ufPB&skipRedirect=1&lm=eyJlbmMiOiJBMjU2R0NNIiwiYXVkIjoiMDBEYWowMDAwMEVGSTFOIiwia2lkIjoie1widFwiOlwiMDBEYWowMDAwMEVGSTFOXCIsXCJ2XCI6XCIwMkdhajAwMDAwMjVNSTVcIixcImFcIjpcImNvbnRlbnRkb29ydXNlcnRyYW5zaWVudGtleWVuY3J5cHRcIixcInVcIjpcIjAwNWFqMDAwMDA4bmZnWFwifSIsImNyaXQiOlsiaWF0Il0sImlhdCI6MTczMDgxMTAzNjU4MCwiZXhwIjowfQ%3D%3D..BE3-BUs0OAWoFSZp.Isl8BTlfpELuY5cGPXyNPA%3D%3D.S9wDJ9eYM3DNqhzIUjh7LQ%3D%3D" ({})
console.warn: WindowsJumpLists: "Failed to fetch favicon for " "https://intelliauto-dev-ed.develop.file.force.com/secur/contentDoor?startURL=https%3A%2F%2Fintelliauto-dev-ed.develop.my.salesforce.com%2F_ui%2Fidentity%2Fphone%2FAddPhoneNumber%3FretURL%3D%252Fvisualforce%252Fsession%253Furl%253Dhttps%25253A%25252F%25252Fintelliauto-dev-ed.develop.lightning.force.com%25252Flightning%25252Fo%25252FCase%25252Flist%25253FfilterName%25253D00Baj00000IIjAuEAL%26d%3Dm%26display%3Dpage%26flotp%3D11bde18e-f0b1-40c6-bf2d-be9e58adf1c594034645-9ce2-4c81-8d4b-8857b871514c&sid=00Daj00000EFI1N%21AQEAQAWSsQXwRMLM_k5QAt0gLnHXlvbll5bzBYte72klomYc9EjUyGCwiTBW6iDo_UECUi_sfp7B9zIGekebYAfFRaS6ufPB&skipRedirect=1&lm=eyJlbmMiOiJBMjU2R0NNIiwiYXVkIjoiMDBEYWowMDAwMEVGSTFOIiwia2lkIjoie1widFwiOlwiMDBEYWowMDAwMEVGSTFOXCIsXCJ2XCI6XCIwMkdhajAwMDAwMjVNSTVcIixcImFcIjpcImNvbnRlbnRkb29ydXNlcnRyYW5zaWVudGtleWVuY3J5cHRcIixcInVcIjpcIjAwNWFqMDAwMDA4bmZnWFwifSIsImNyaXQiOlsiaWF0Il0sImlhdCI6MTczMDgxMTAzNjU4MCwiZXhwIjowfQ%3D%3D..BE3-BUs0OAWoFSZp.Isl8BTlfpELuY5cGPXyNPA%3D%3D.S9wDJ9eYM3DNqhzIUjh7LQ%3D%3D" ({})
console.warn: WindowsJumpLists: "Failed to fetch favicon for " "https://intelliauto-dev-ed.develop.file.force.com/secur/contentDoor?startURL=https%3A%2F%2Fintelliauto-dev-ed.develop.my.salesforce.com%2F_ui%2Fidentity%2Fphone%2FAddPhoneNumber%3FretURL%3D%252Fvisualforce%252Fsession%253Furl%253Dhttps%25253A%25252F%25252Fintelliauto-dev-ed.develop.lightning.force.com%25252Flightning%25252Fo%25252FCase%25252Flist%25253FfilterName%25253D00Baj00000IIjAuEAL%26d%3Dm%26display%3Dpage%26flotp%3D11bde18e-f0b1-40c6-bf2d-be9e58adf1c594034645-9ce2-4c81-8d4b-8857b871514c&sid=00Daj00000EFI1N%21AQEAQAWSsQXwRMLM_k5QAt0gLnHXlvbll5bzBYte72klomYc9EjUyGCwiTBW6iDo_UECUi_sfp7B9zIGekebYAfFRaS6ufPB&skipRedirect=1&lm=eyJlbmMiOiJBMjU2R0NNIiwiYXVkIjoiMDBEYWowMDAwMEVGSTFOIiwia2lkIjoie1widFwiOlwiMDBEYWowMDAwMEVGSTFOXCIsXCJ2XCI6XCIwMkdhajAwMDAwMjVNSTVcIixcImFcIjpcImNvbnRlbnRkb29ydXNlcnRyYW5zaWVudGtleWVuY3J5cHRcIixcInVcIjpcIjAwNWFqMDAwMDA4bmZnWFwifSIsImNyaXQiOlsiaWF0Il0sImlhdCI6MTczMDgxMTAzNjU4MCwiZXhwIjowfQ%3D%3D..BE3-BUs0OAWoFSZp.Isl8BTlfpELuY5cGPXyNPA%3D%3D.S9wDJ9eYM3DNqhzIUjh7LQ%3D%3D" ({})
console.warn: WindowsJumpLists: "Failed to fetch favicon for " "https://intelliauto-dev-ed.develop.file.force.com/secur/contentDoor?startURL=https%3A%2F%2Fintelliauto-dev-ed.develop.my.salesforce.com%2F_ui%2Fidentity%2Fphone%2FAddPhoneNumber%3FretURL%3D%252Fvisualforce%252Fsession%253Furl%253Dhttps%25253A%25252F%25252Fintelliauto-dev-ed.develop.lightning.force.com%25252Flightning%25252Fo%25252FCase%25252Flist%25253FfilterName%25253D00Baj00000IIjAuEAL%26d%3Dm%26display%3Dpage%26flotp%3D11bde18e-f0b1-40c6-bf2d-be9e58adf1c594034645-9ce2-4c81-8d4b-8857b871514c&sid=00Daj00000EFI1N%21AQEAQAWSsQXwRMLM_k5QAt0gLnHXlvbll5bzBYte72klomYc9EjUyGCwiTBW6iDo_UECUi_sfp7B9zIGekebYAfFRaS6ufPB&skipRedirect=1&lm=eyJlbmMiOiJBMjU2R0NNIiwiYXVkIjoiMDBEYWowMDAwMEVGSTFOIiwia2lkIjoie1widFwiOlwiMDBEYWowMDAwMEVGSTFOXCIsXCJ2XCI6XCIwMkdhajAwMDAwMjVNSTVcIixcImFcIjpcImNvbnRlbnRkb29ydXNlcnRyYW5zaWVudGtleWVuY3J5cHRcIixcInVcIjpcIjAwNWFqMDAwMDA4bmZnWFwifSIsImNyaXQiOlsiaWF0Il0sImlhdCI6MTczMDgxMTAzNjU4MCwiZXhwIjowfQ%3D%3D..BE3-BUs0OAWoFSZp.Isl8BTlfpELuY5cGPXyNPA%3D%3D.S9wDJ9eYM3DNqhzIUjh7LQ%3D%3D" ({})
console.warn: WindowsJumpLists: "Failed to fetch favicon for " "https://intelliauto-dev-ed.develop.file.force.com/secur/contentDoor?startURL=https%3A%2F%2Fintelliauto-dev-ed.develop.my.salesforce.com%2F_ui%2Fidentity%2Fphone%2FAddPhoneNumber%3FretURL%3D%252Fvisualforce%252Fsession%253Furl%253Dhttps%25253A%25252F%25252Fintelliauto-dev-ed.develop.lightning.force.com%25252Flightning%25252Fo%25252FCase%25252Flist%25253FfilterName%25253D00Baj00000IIjAuEAL%26d%3Dm%26display%3Dpage%26flotp%3D11bde18e-f0b1-40c6-bf2d-be9e58adf1c594034645-9ce2-4c81-8d4b-8857b871514c&sid=00Daj00000EFI1N%21AQEAQAWSsQXwRMLM_k5QAt0gLnHXlvbll5bzBYte72klomYc9EjUyGCwiTBW6iDo_UECUi_sfp7B9zIGekebYAfFRaS6ufPB&skipRedirect=1&lm=eyJlbmMiOiJBMjU2R0NNIiwiYXVkIjoiMDBEYWowMDAwMEVGSTFOIiwia2lkIjoie1widFwiOlwiMDBEYWowMDAwMEVGSTFOXCIsXCJ2XCI6XCIwMkdhajAwMDAwMjVNSTVcIixcImFcIjpcImNvbnRlbnRkb29ydXNlcnRyYW5zaWVudGtleWVuY3J5cHRcIixcInVcIjpcIjAwNWFqMDAwMDA4bmZnWFwifSIsImNyaXQiOlsiaWF0Il0sImlhdCI6MTczMDgxMTAzNjU4MCwiZXhwIjowfQ%3D%3D..BE3-BUs0OAWoFSZp.Isl8BTlfpELuY5cGPXyNPA%3D%3D.S9wDJ9eYM3DNqhzIUjh7LQ%3D%3D" ({})
console.warn: WindowsJumpLists: "Failed to fetch favicon for " "https://intelliauto-dev-ed.develop.file.force.com/secur/contentDoor?startURL=https%3A%2F%2Fintelliauto-dev-ed.develop.my.salesforce.com%2F_ui%2Fidentity%2Fphone%2FAddPhoneNumber%3FretURL%3D%252Fvisualforce%252Fsession%253Furl%253Dhttps%25253A%25252F%25252Fintelliauto-dev-ed.develop.lightning.force.com%25252Flightning%25252Fo%25252FCase%25252Flist%25253FfilterName%25253D00Baj00000IIjAuEAL%26d%3Dm%26display%3Dpage%26flotp%3D11bde18e-f0b1-40c6-bf2d-be9e58adf1c594034645-9ce2-4c81-8d4b-8857b871514c&sid=00Daj00000EFI1N%21AQEAQAWSsQXwRMLM_k5QAt0gLnHXlvbll5bzBYte72klomYc9EjUyGCwiTBW6iDo_UECUi_sfp7B9zIGekebYAfFRaS6ufPB&skipRedirect=1&lm=eyJlbmMiOiJBMjU2R0NNIiwiYXVkIjoiMDBEYWowMDAwMEVGSTFOIiwia2lkIjoie1widFwiOlwiMDBEYWowMDAwMEVGSTFOXCIsXCJ2XCI6XCIwMkdhajAwMDAwMjVNSTVcIixcImFcIjpcImNvbnRlbnRkb29ydXNlcnRyYW5zaWVudGtleWVuY3J5cHRcIixcInVcIjpcIjAwNWFqMDAwMDA4bmZnWFwifSIsImNyaXQiOlsiaWF0Il0sImlhdCI6MTczMDgxMTAzNjU4MCwiZXhwIjowfQ%3D%3D..BE3-BUs0OAWoFSZp.Isl8BTlfpELuY5cGPXyNPA%3D%3D.S9wDJ9eYM3DNqhzIUjh7LQ%3D%3D" ({})
1730811860357	Marionette	INFO	Stopped listening on port 54077
Dynamically enable window occlusion 1
JavaScript error: , line 0: NotFoundError: No such JSProcessActor 'DevToolsProcess'
JavaScript error: , line 0: NotFoundError: No such JSProcessActor 'DevToolsProcess'
JavaScript error: , line 0: NotFoundError: No such JSProcessActor 'DevToolsProcess'
console.error: "Error in worker resource://devtools/client/shared/source-map-loader/worker.js" ": "
